#
# A fatal error has been detected by the Java Runtime Environment:
#
#  SIGSEGV (0xb) at pc=0x00007f05210594cc, pid=4959, tid=0x00007f0539d7d700
#
# JRE version: Java(TM) SE Runtime Environment (8.0_201-b09) (build 1.8.0_201-b09)
# Java VM: Java HotSpot(TM) 64-Bit Server VM (25.201-b09 mixed mode linux-amd64 compressed oops)
# Problematic frame:
# v  ~BufferBlob::native signature handlers
#
# Failed to write core dump. Core dumps have been disabled. To enable core dumping, try "ulimit -c unlimited" before starting Java again
#
# If you would like to submit a bug report, please visit:
#   http://bugreport.java.com/bugreport/crash.jsp
#

---------------  T H R E A D  ---------------

Current thread (0x00007f053000f000):  JavaThread "main" [_thread_in_Java, id=4960, stack(0x00007f0539c7e000,0x00007f0539d7e000)]

siginfo: si_signo: 11 (SIGSEGV), si_code: 1 (SEGV_MAPERR), si_addr: 0xfffffffffffffff0

Registers:
RAX=0xfffffffffffffff0, RBX=0x00007f0534c137b8, RCX=0x00000000d703a840, RDX=0x0000000000000000
RSP=0x00007f0539d78558, RBP=0x00007f0539d785a8, RSI=0x00007f0539d78508, RDI=0x00007f0521007e70
R8 =0x0000000000000000, R9 =0x00000000000000fa, R10=0x00007f0539145c60, R11=0x00007f0539d78568
R12=0x0000000000000000, R13=0x00007f0539d78560, R14=0x0000000000000000, R15=0x00007f053000f000
RIP=0x00007f05210594cc, EFLAGS=0x0000000000010246, CSGSFS=0x002b000000000033, ERR=0x0000000000000005
  TRAPNO=0x000000000000000e

Top of Stack: (sp=0x00007f0539d78558)
0x00007f0539d78558:   00007f05210080e0 00000000d703a840
0x00007f0539d78568:   00007f0539d78568 00007f0534a7d445
0x00007f0539d78578:   00007f0539d78608 00007f0534b72c00
0x00007f0539d78588:   0000000000000000 00007f0534a7d4e8
0x00007f0539d78598:   00007f0539d78560 00007f0539d785f8
0x00007f0539d785a8:   00007f0539d78650 00007f05210080e0
0x00007f0539d785b8:   0000000000000000 0000000000000000
0x00007f0539d785c8:   0000000000000000 0000000000000000
0x00007f0539d785d8:   0000000000000000 0000000000000027
0x00007f0539d785e8:   000000aa7be333b8 0000000000000000
0x00007f0539d785f8:   00000000d703a840 00000000d7036f98
0x00007f0539d78608:   00000000d6e58388 00007f0539d78610
0x00007f0539d78618:   00007f0534a7dd3b 00007f0539d78670
0x00007f0539d78628:   00007f0534b72c00 0000000000000000
0x00007f0539d78638:   00007f0534a7dd48 00007f0539d785f8
0x00007f0539d78648:   00007f0539d78660 00007f0539d786b8
0x00007f0539d78658:   00007f05210080e0 00000000d703a840
0x00007f0539d78668:   00000000d7036f98 00000000d6e58388
0x00007f0539d78678:   00007f0539d78678 00007f0534bd321b
0x00007f0539d78688:   00007f0539d786e0 00007f0534bd3370
0x00007f0539d78698:   0000000000000000 00007f0534bd3250
0x00007f0539d786a8:   00007f0539d78660 00007f0539d786e0
0x00007f0539d786b8:   00007f0539d78728 00007f05210080e0
0x00007f0539d786c8:   0000000000000000 00000000d703a840
0x00007f0539d786d8:   00000000d7037630 00000000d7037500
0x00007f0539d786e8:   00007f0539d786e8 00007f0534bd32d9
0x00007f0539d786f8:   00007f0539d78738 00007f0534bd3370
0x00007f0539d78708:   0000000000000000 00007f0534bd32e8
0x00007f0539d78718:   00007f0539d786e0 00007f0539d78738
0x00007f0539d78728:   00007f0539d787a0 00007f05210007a7
0x00007f0539d78738:   00000000d7037500 00007f0500001fa0
0x00007f0539d78748:   00007f0534bd32e8 00007f0539d78930 

Instructions: (pc=0x00007f05210594cc)
0x00007f05210594ac:   05 7f 00 00 c3 49 8d 06 33 d2 49 81 3e 00 00 00
0x00007f05210594bc:   00 48 0f 45 d0 41 8b 4e f8 49 8d 46 f0 45 33 c0
0x00007f05210594cc:   49 81 7e f0 00 00 00 00 4c 0f 45 c0 49 8d 46 e8
0x00007f05210594dc:   45 33 c9 49 81 7e e8 00 00 00 00 4c 0f 45 c8 48 

Register to memory mapping:

RAX=0xfffffffffffffff0 is an unknown value
RBX={method} {0x00007f0534c137b8} 'getCodeSourceURL' '()Ljava/net/URL;' in 'sun/misc/URLClassPath$JarLoader$2'
RCX=0x00000000d703a840 is an oop
sun.misc.URLClassPath$JarLoader$2 
 - klass: 'sun/misc/URLClassPath$JarLoader$2'
RDX=0x0000000000000000 is an unknown value
RSP=0x00007f0539d78558 is pointing into the stack for thread: 0x00007f053000f000
RBP=0x00007f0539d785a8 is pointing into the stack for thread: 0x00007f053000f000
RSI=0x00007f0539d78508 is pointing into the stack for thread: 0x00007f053000f000
RDI=0x00007f0521007e70 is at code_begin+1040 in an Interpreter codelet
invoke return entry points  [0x00007f0521007a60, 0x00007f0521008440]  2528 bytes
R8 =0x0000000000000000 is an unknown value
R9 =0x00000000000000fa is an unknown value
R10=0x00007f0539145c60: <offset 0xfddc60> in /usr/lib/jvm/java-8-oracle/jre/lib/amd64/server/libjvm.so at 0x00007f0538168000
R11=0x00007f0539d78568 is pointing into the stack for thread: 0x00007f053000f000
R12=0x0000000000000000 is an unknown value
R13=0x00007f0539d78560 is pointing into the stack for thread: 0x00007f053000f000
R14=0x0000000000000000 is an unknown value
R15=0x00007f053000f000 is a thread


Stack: [0x00007f0539c7e000,0x00007f0539d7e000],  sp=0x00007f0539d78558,  free space=1001k
Native frames: (J=compiled Java code, j=interpreted, Vv=VM code, C=native code)
v  ~BufferBlob::native signature handlers
j  java.net.URLClassLoader.access$100(Ljava/net/URLClassLoader;Ljava/lang/String;Lsun/misc/Resource;)Ljava/lang/Class;+3
j  java.net.URLClassLoader$1.run()Ljava/lang/Class;+43
j  java.net.URLClassLoader$1.run()Ljava/lang/Object;+1
v  ~StubRoutines::call_stub
V  [libjvm.so+0x68825b]  JavaCalls::call_helper(JavaValue*, methodHandle*, JavaCallArguments*, Thread*)+0xddb
V  [libjvm.so+0x7004b4]  JVM_DoPrivileged+0x4f4
j  java.security.AccessController.doPrivileged(Ljava/security/PrivilegedExceptionAction;Ljava/security/AccessControlContext;)Ljava/lang/Object;+0
j  java.net.URLClassLoader.findClass(Ljava/lang/String;)Ljava/lang/Class;+13
j  java.lang.ClassLoader.loadClass(Ljava/lang/String;Z)Ljava/lang/Class;+70
j  sun.misc.Launcher$AppClassLoader.loadClass(Ljava/lang/String;Z)Ljava/lang/Class;+81
j  java.lang.ClassLoader.loadClass(Ljava/lang/String;)Ljava/lang/Class;+3
v  ~StubRoutines::call_stub
V  [libjvm.so+0x68825b]  JavaCalls::call_helper(JavaValue*, methodHandle*, JavaCallArguments*, Thread*)+0xddb
V  [libjvm.so+0x685b23]  JavaCalls::call_virtual(JavaValue*, KlassHandle, Symbol*, Symbol*, JavaCallArguments*, Thread*)+0x263
V  [libjvm.so+0x686143]  JavaCalls::call_virtual(JavaValue*, Handle, KlassHandle, Symbol*, Symbol*, Handle, Thread*)+0x53
V  [libjvm.so+0xa44ed4]  SystemDictionary::load_instance_class(Symbol*, Handle, Thread*)+0x2e4
V  [libjvm.so+0xa4389b]  SystemDictionary::resolve_instance_class_or_null(Symbol*, Handle, Handle, Thread*)+0x87b
V  [libjvm.so+0xa45779]  SystemDictionary::resolve_or_fail(Symbol*, Handle, Handle, bool, Thread*)+0x49
V  [libjvm.so+0xaaf121]  VerificationType::is_reference_assignable_from(VerificationType const&, ClassVerifier*, bool, Thread*) const+0xd1
V  [libjvm.so+0xac08d0]  StackMapFrame::pop_stack(VerificationType, Thread*)+0x40
V  [libjvm.so+0xab8143]  ClassVerifier::verify_invoke_instructions(RawBytecodeStream*, unsigned int, StackMapFrame*, bool, bool*, VerificationType, constantPoolHandle, StackMapTable*, Thread*)+0x623
V  [libjvm.so+0xaba6da]  ClassVerifier::verify_method(methodHandle, Thread*)+0x1a6a
V  [libjvm.so+0xabff30]  ClassVerifier::verify_class(Thread*)+0xe0
V  [libjvm.so+0xac054b]  Verifier::verify(instanceKlassHandle, Verifier::Mode, bool, Thread*)+0x3ab
V  [libjvm.so+0x63d784]  InstanceKlass::link_class_impl(instanceKlassHandle, bool, Thread*)+0x2b4
V  [libjvm.so+0x64402f]  InstanceKlass::initialize_impl(instanceKlassHandle, Thread*)+0x5f
V  [libjvm.so+0x644571]  InstanceKlass::initialize(Thread*)+0x51
V  [libjvm.so+0x675af5]  InterpreterRuntime::_new(JavaThread*, ConstantPool*, int)+0x325
j  com.intellij.rt.debugger.agent.CaptureAgent.premain(Ljava/lang/String;Ljava/lang/instrument/Instrumentation;)V+38
v  ~StubRoutines::call_stub
V  [libjvm.so+0x68825b]  JavaCalls::call_helper(JavaValue*, methodHandle*, JavaCallArguments*, Thread*)+0xddb
V  [libjvm.so+0x999f25]  Reflection::invoke(instanceKlassHandle, methodHandle, Handle, bool, objArrayHandle, BasicType, objArrayHandle, bool, Thread*)+0xb65
V  [libjvm.so+0x99b866]  Reflection::invoke_method(oopDesc*, Handle, objArrayHandle, Thread*)+0x126
V  [libjvm.so+0x6fd2b2]  JVM_InvokeMethod+0x102
j  sun.reflect.NativeMethodAccessorImpl.invoke0(Ljava/lang/reflect/Method;Ljava/lang/Object;[Ljava/lang/Object;)Ljava/lang/Object;+0
j  sun.reflect.NativeMethodAccessorImpl.invoke(Ljava/lang/Object;[Ljava/lang/Object;)Ljava/lang/Object;+100
j  sun.reflect.DelegatingMethodAccessorImpl.invoke(Ljava/lang/Object;[Ljava/lang/Object;)Ljava/lang/Object;+6
j  java.lang.reflect.Method.invoke(Ljava/lang/Object;[Ljava/lang/Object;)Ljava/lang/Object;+56
j  sun.instrument.InstrumentationImpl.loadClassAndStartAgent(Ljava/lang/String;Ljava/lang/String;Ljava/lang/String;)V+174
j  sun.instrument.InstrumentationImpl.loadClassAndCallPremain(Ljava/lang/String;Ljava/lang/String;)V+5
v  ~StubRoutines::call_stub
V  [libjvm.so+0x68825b]  JavaCalls::call_helper(JavaValue*, methodHandle*, JavaCallArguments*, Thread*)+0xddb
V  [libjvm.so+0x6cfc68]  jni_invoke_nonstatic(JNIEnv_*, JavaValue*, _jobject*, JNICallType, _jmethodID*, JNI_ArgumentPusher*, Thread*) [clone .constprop.109]+0x208
V  [libjvm.so+0x6d1d46]  jni_CallVoidMethod+0x166
C  [libinstrument.so+0x36d1]  invokeJavaAgentMainMethod+0x61
C  [libinstrument.so+0x3777]  startJavaAgent+0x57
C  [libinstrument.so+0x3980]  processJavaStart+0xc0
C  [libinstrument.so+0x2e25]  eventHandlerVMInit+0x35
V  [libjvm.so+0x7707a0]  JvmtiExport::post_vm_initialized()+0x1f0
V  [libjvm.so+0xa7a34a]  Threads::create_vm(JavaVMInitArgs*, bool*)+0xbea
V  [libjvm.so+0x6d7b4f]  JNI_CreateJavaVM+0x4f
C  [libjli.so+0x7ee4]  JavaMain+0x84
C  [libpthread.so.0+0x76db]  start_thread+0xdb


---------------  P R O C E S S  ---------------

Java Threads: ( => current thread )
  0x00007f04f8001000 JavaThread "JDWP Command Reader" daemon [_thread_in_native, id=4982, stack(0x00007f051804e000,0x00007f051814f000)]
  0x00007f0530192800 JavaThread "JDWP Event Helper Thread" daemon [_thread_blocked, id=4981, stack(0x00007f051814f000,0x00007f0518250000)]
  0x00007f053018f000 JavaThread "JDWP Transport Listener: dt_socket" daemon [_thread_blocked, id=4978, stack(0x00007f05200ee000,0x00007f05201ef000)]
  0x00007f0530182800 JavaThread "Signal Dispatcher" daemon [_thread_blocked, id=4977, stack(0x00007f05203f4000,0x00007f05204f5000)]
  0x00007f0530150800 JavaThread "Finalizer" daemon [_thread_blocked, id=4976, stack(0x00007f05204f5000,0x00007f05205f6000)]
  0x00007f053014e000 JavaThread "Reference Handler" daemon [_thread_blocked, id=4972, stack(0x00007f05205f6000,0x00007f05206f7000)]
=>0x00007f053000f000 JavaThread "main" [_thread_in_Java, id=4960, stack(0x00007f0539c7e000,0x00007f0539d7e000)]

Other Threads:
  0x00007f0530144800 VMThread [stack: 0x00007f05206f8000,0x00007f05207f8000] [id=4968]

VM state:not at safepoint (normal execution)

VM Mutex/Monitor currently owned by a thread: None

heap address: 0x0000000084a00000, size: 1974 MB, Compressed Oops mode: 32-bit
Narrow klass base: 0x0000000000000000, Narrow klass shift: 3
Compressed class space size: 1073741824 Address: 0x0000000100000000

Heap:
 PSYoungGen      total 36864K, used 2556K [0x00000000d6e00000, 0x00000000d9700000, 0x0000000100000000)
  eden space 31744K, 8% used [0x00000000d6e00000,0x00000000d707f1b0,0x00000000d8d00000)
  from space 5120K, 0% used [0x00000000d9200000,0x00000000d9200000,0x00000000d9700000)
  to   space 5120K, 0% used [0x00000000d8d00000,0x00000000d8d00000,0x00000000d9200000)
 ParOldGen       total 84992K, used 0K [0x0000000084a00000, 0x0000000089d00000, 0x00000000d6e00000)
  object space 84992K, 0% used [0x0000000084a00000,0x0000000084a00000,0x0000000089d00000)
 Metaspace       used 3070K, capacity 4554K, committed 4864K, reserved 1056768K
  class space    used 341K, capacity 390K, committed 512K, reserved 1048576K

Card table byte_map: [0x00007f0535c62000,0x00007f053603e000] byte_map_base: 0x00007f053583d000

Marking Bits: (ParMarkBitMap*) 0x00007f0539133d80
 Begin Bits: [0x00007f0518250000, 0x00007f051a128000)
 End Bits:   [0x00007f051a128000, 0x00007f051c000000)

Polling page: 0x00007f0539da3000

CodeCache: size=245760Kb used=445Kb max_used=445Kb free=245314Kb
 bounds [0x00007f0521000000, 0x00007f0521270000, 0x00007f0530000000]
 total_blobs=184 nmethods=0 adapters=159
 compilation: enabled

Compilation events (0 events):
No events

GC Heap History (0 events):
No events

Deoptimization events (0 events):
No events

Classes redefined (0 events):
No events

Internal exceptions (6 events):
Event: 0.052 Thread 0x00007f053000f000 Exception <a 'java/lang/NoSuchMethodError': Method sun.misc.Unsafe.defineClass(Ljava/lang/String;[BII)Ljava/lang/Class; name or signature does not match> (0x00000000d6e07cb0) thrown at [/HUDSON/workspace/8-2-build-linux-amd64/jdk8u201/12317/hotspot/src/sh
Event: 0.052 Thread 0x00007f053000f000 Exception <a 'java/lang/NoSuchMethodError': Method sun.misc.Unsafe.prefetchRead(Ljava/lang/Object;J)V name or signature does not match> (0x00000000d6e07f98) thrown at [/HUDSON/workspace/8-2-build-linux-amd64/jdk8u201/12317/hotspot/src/share/vm/prims/jni.c
Event: 0.306 Thread 0x00007f053000f000 Exception <a 'java/security/PrivilegedActionException'> (0x00000000d6fa4e00) thrown at [/HUDSON/workspace/8-2-build-linux-amd64/jdk8u201/12317/hotspot/src/share/vm/prims/jvm.cpp, line 1502]
Event: 0.306 Thread 0x00007f053000f000 Exception <a 'java/security/PrivilegedActionException'> (0x00000000d6fa5010) thrown at [/HUDSON/workspace/8-2-build-linux-amd64/jdk8u201/12317/hotspot/src/share/vm/prims/jvm.cpp, line 1502]
Event: 0.306 Thread 0x00007f053000f000 Exception <a 'java/security/PrivilegedActionException'> (0x00000000d6fa7478) thrown at [/HUDSON/workspace/8-2-build-linux-amd64/jdk8u201/12317/hotspot/src/share/vm/prims/jvm.cpp, line 1502]
Event: 0.306 Thread 0x00007f053000f000 Exception <a 'java/security/PrivilegedActionException'> (0x00000000d6fa7688) thrown at [/HUDSON/workspace/8-2-build-linux-amd64/jdk8u201/12317/hotspot/src/share/vm/prims/jvm.cpp, line 1502]

Events (10 events):
Event: 0.374 loading class java/lang/Shutdown
Event: 0.374 loading class java/lang/Shutdown done
Event: 0.374 loading class java/lang/Shutdown$Lock
Event: 0.374 loading class java/lang/Shutdown$Lock done
Event: 0.374 loading class java/io/FileOutputStream$1
Event: 0.374 loading class java/io/FileOutputStream$1 done
Event: 0.375 loading class com/intellij/rt/debugger/agent/CaptureAgent$CaptureTransformer
Event: 0.375 loading class com/intellij/rt/debugger/agent/CaptureAgent$CaptureTransformer done
Event: 0.376 loading class org/jetbrains/capture/org/objectweb/asm/ClassVisitor
Event: 0.376 loading class org/jetbrains/capture/org/objectweb/asm/ClassVisitor done


Dynamic libraries:
00400000-00401000 r-xp 00000000 08:02 46006376                           /usr/lib/jvm/java-8-oracle/bin/java
00600000-00601000 r--p 00000000 08:02 46006376                           /usr/lib/jvm/java-8-oracle/bin/java
00601000-00602000 rw-p 00001000 08:02 46006376                           /usr/lib/jvm/java-8-oracle/bin/java
01e4a000-01e6b000 rw-p 00000000 00:00 0                                  [heap]
84a00000-89d00000 rw-p 00000000 00:00 0 
89d00000-d6e00000 ---p 00000000 00:00 0 
d6e00000-d9700000 rw-p 00000000 00:00 0 
d9700000-100000000 ---p 00000000 00:00 0 
100000000-100080000 rw-p 00000000 00:00 0 
100080000-140000000 ---p 00000000 00:00 0 
7f04ec000000-7f04ec021000 rw-p 00000000 00:00 0 
7f04ec021000-7f04f0000000 ---p 00000000 00:00 0 
7f04f0000000-7f04f0021000 rw-p 00000000 00:00 0 
7f04f0021000-7f04f4000000 ---p 00000000 00:00 0 
7f04f4000000-7f04f4021000 rw-p 00000000 00:00 0 
7f04f4021000-7f04f8000000 ---p 00000000 00:00 0 
7f04f8000000-7f04f8021000 rw-p 00000000 00:00 0 
7f04f8021000-7f04fc000000 ---p 00000000 00:00 0 
7f04fc000000-7f04fc021000 rw-p 00000000 00:00 0 
7f04fc021000-7f0500000000 ---p 00000000 00:00 0 
7f0500000000-7f0500021000 rw-p 00000000 00:00 0 
7f0500021000-7f0504000000 ---p 00000000 00:00 0 
7f0504000000-7f0504021000 rw-p 00000000 00:00 0 
7f0504021000-7f0508000000 ---p 00000000 00:00 0 
7f0508000000-7f0508021000 rw-p 00000000 00:00 0 
7f0508021000-7f050c000000 ---p 00000000 00:00 0 
7f050c000000-7f050c021000 rw-p 00000000 00:00 0 
7f050c021000-7f0510000000 ---p 00000000 00:00 0 
7f0513d6b000-7f0514000000 rw-p 00000000 00:00 0 
7f0514000000-7f0514021000 rw-p 00000000 00:00 0 
7f0514021000-7f0518000000 ---p 00000000 00:00 0 
7f051804e000-7f0518051000 ---p 00000000 00:00 0 
7f0518051000-7f051814f000 rw-p 00000000 00:00 0 
7f051814f000-7f0518152000 ---p 00000000 00:00 0 
7f0518152000-7f051c000000 rw-p 00000000 00:00 0 
7f051c000000-7f051c021000 rw-p 00000000 00:00 0 
7f051c021000-7f0520000000 ---p 00000000 00:00 0 
7f05200ee000-7f05200f1000 ---p 00000000 00:00 0 
7f05200f1000-7f05201ef000 rw-p 00000000 00:00 0 
7f05201ef000-7f05201f3000 r-xp 00000000 08:02 46008276                   /usr/lib/jvm/java-8-oracle/jre/lib/amd64/libdt_socket.so
7f05201f3000-7f05203f2000 ---p 00004000 08:02 46008276                   /usr/lib/jvm/java-8-oracle/jre/lib/amd64/libdt_socket.so
7f05203f2000-7f05203f3000 r--p 00003000 08:02 46008276                   /usr/lib/jvm/java-8-oracle/jre/lib/amd64/libdt_socket.so
7f05203f3000-7f05203f4000 rw-p 00004000 08:02 46008276                   /usr/lib/jvm/java-8-oracle/jre/lib/amd64/libdt_socket.so
7f05203f4000-7f05203f7000 ---p 00000000 00:00 0 
7f05203f7000-7f05204f5000 rw-p 00000000 00:00 0 
7f05204f5000-7f05204f8000 ---p 00000000 00:00 0 
7f05204f8000-7f05205f6000 rw-p 00000000 00:00 0 
7f05205f6000-7f05205f9000 ---p 00000000 00:00 0 
7f05205f9000-7f05206f7000 rw-p 00000000 00:00 0 
7f05206f7000-7f05206f8000 ---p 00000000 00:00 0 
7f05206f8000-7f0521000000 rw-p 00000000 00:00 0 
7f0521000000-7f0521270000 rwxp 00000000 00:00 0 
7f0521270000-7f0530000000 ---p 00000000 00:00 0 
7f0530000000-7f053025b000 rw-p 00000000 00:00 0 
7f053025b000-7f0534000000 ---p 00000000 00:00 0 
7f0534048000-7f0534049000 r--s 00002000 08:02 42991772                   /tmp/debugger-agent-storage456724483069922690jar
7f0534049000-7f053404a000 r--s 00002000 08:02 42991772                   /tmp/debugger-agent-storage456724483069922690jar
7f053404a000-7f053404e000 r--s 000a1000 08:02 46007934                   /usr/lib/jvm/java-8-oracle/jre/lib/jsse.jar
7f053404e000-7f0534055000 r--s 00066000 08:02 43779053                   /usr/local/bin/idea-IU-183.5153.38/lib/rt/debugger-agent.jar
7f0534055000-7f0534059000 r--s 006b9000 08:02 3802005                    /home/bq666/.m2/repository/org/xerial/sqlite-jdbc/3.25.2/sqlite-jdbc-3.25.2.jar
7f0534059000-7f053406c000 r--s 00345000 08:02 46007915                   /usr/lib/jvm/java-8-oracle/jre/lib/resources.jar
7f053406c000-7f053407f000 r--s 000d6000 08:02 46007819                   /usr/lib/jvm/java-8-oracle/jre/lib/plugin.jar
7f053407f000-7f053409a000 r--s 0020c000 08:02 46007795                   /usr/lib/jvm/java-8-oracle/jre/lib/deploy.jar
7f053409a000-7f05347a1000 rw-p 00000000 00:00 0 
7f05347a1000-7f053497b000 r--s 03d6f000 08:02 46007877                   /usr/lib/jvm/java-8-oracle/jre/lib/rt.jar
7f053497b000-7f0534e31000 rw-p 00000000 00:00 0 
7f0534e31000-7f05351f1000 ---p 00000000 00:00 0 
7f05351f1000-7f05355cc000 rw-p 00000000 00:00 0 
7f05355cc000-7f05355cd000 ---p 00000000 00:00 0 
7f05355cd000-7f05356cd000 rw-p 00000000 00:00 0 
7f05356cd000-7f05356ce000 ---p 00000000 00:00 0 
7f05356ce000-7f05357ce000 rw-p 00000000 00:00 0 
7f05357ce000-7f05357cf000 ---p 00000000 00:00 0 
7f05357cf000-7f05358cf000 rw-p 00000000 00:00 0 
7f05358cf000-7f05358d0000 ---p 00000000 00:00 0 
7f05358d0000-7f05359fa000 rw-p 00000000 00:00 0 
7f05359fa000-7f0535c62000 ---p 00000000 00:00 0 
7f0535c62000-7f0535c8c000 rw-p 00000000 00:00 0 
7f0535c8c000-7f0535ef4000 ---p 00000000 00:00 0 
7f0535ef4000-7f0535f09000 rw-p 00000000 00:00 0 
7f0535f09000-7f053603d000 ---p 00000000 00:00 0 
7f053603d000-7f0536048000 rw-p 00000000 00:00 0 
7f0536048000-7f05363fe000 ---p 00000000 00:00 0 
7f05363fe000-7f0536419000 r-xp 00000000 08:02 46008417                   /usr/lib/jvm/java-8-oracle/jre/lib/amd64/libzip.so
7f0536419000-7f0536618000 ---p 0001b000 08:02 46008417                   /usr/lib/jvm/java-8-oracle/jre/lib/amd64/libzip.so
7f0536618000-7f0536619000 r--p 0001a000 08:02 46008417                   /usr/lib/jvm/java-8-oracle/jre/lib/amd64/libzip.so
7f0536619000-7f053661a000 rw-p 0001b000 08:02 46008417                   /usr/lib/jvm/java-8-oracle/jre/lib/amd64/libzip.so
7f053661a000-7f0536625000 r-xp 00000000 08:02 36704781                   /lib/x86_64-linux-gnu/libnss_files-2.27.so
7f0536625000-7f0536824000 ---p 0000b000 08:02 36704781                   /lib/x86_64-linux-gnu/libnss_files-2.27.so
7f0536824000-7f0536825000 r--p 0000a000 08:02 36704781                   /lib/x86_64-linux-gnu/libnss_files-2.27.so
7f0536825000-7f0536826000 rw-p 0000b000 08:02 36704781                   /lib/x86_64-linux-gnu/libnss_files-2.27.so
7f0536826000-7f053682c000 rw-p 00000000 00:00 0 
7f053682c000-7f0536843000 r-xp 00000000 08:02 36704710                   /lib/x86_64-linux-gnu/libnsl-2.27.so
7f0536843000-7f0536a42000 ---p 00017000 08:02 36704710                   /lib/x86_64-linux-gnu/libnsl-2.27.so
7f0536a42000-7f0536a43000 r--p 00016000 08:02 36704710                   /lib/x86_64-linux-gnu/libnsl-2.27.so
7f0536a43000-7f0536a44000 rw-p 00017000 08:02 36704710                   /lib/x86_64-linux-gnu/libnsl-2.27.so
7f0536a44000-7f0536a46000 rw-p 00000000 00:00 0 
7f0536a46000-7f0536a51000 r-xp 00000000 08:02 36704845                   /lib/x86_64-linux-gnu/libnss_nis-2.27.so
7f0536a51000-7f0536c50000 ---p 0000b000 08:02 36704845                   /lib/x86_64-linux-gnu/libnss_nis-2.27.so
7f0536c50000-7f0536c51000 r--p 0000a000 08:02 36704845                   /lib/x86_64-linux-gnu/libnss_nis-2.27.so
7f0536c51000-7f0536c52000 rw-p 0000b000 08:02 36704845                   /lib/x86_64-linux-gnu/libnss_nis-2.27.so
7f0536c52000-7f0536c5a000 r-xp 00000000 08:02 36704742                   /lib/x86_64-linux-gnu/libnss_compat-2.27.so
7f0536c5a000-7f0536e5a000 ---p 00008000 08:02 36704742                   /lib/x86_64-linux-gnu/libnss_compat-2.27.so
7f0536e5a000-7f0536e5b000 r--p 00008000 08:02 36704742                   /lib/x86_64-linux-gnu/libnss_compat-2.27.so
7f0536e5b000-7f0536e5c000 rw-p 00009000 08:02 36704742                   /lib/x86_64-linux-gnu/libnss_compat-2.27.so
7f0536e5c000-7f0536e66000 r-xp 00000000 08:02 46008426                   /usr/lib/jvm/java-8-oracle/jre/lib/amd64/libinstrument.so
7f0536e66000-7f0537065000 ---p 0000a000 08:02 46008426                   /usr/lib/jvm/java-8-oracle/jre/lib/amd64/libinstrument.so
7f0537065000-7f0537066000 r--p 00009000 08:02 46008426                   /usr/lib/jvm/java-8-oracle/jre/lib/amd64/libinstrument.so
7f0537066000-7f0537067000 rw-p 0000a000 08:02 46008426                   /usr/lib/jvm/java-8-oracle/jre/lib/amd64/libinstrument.so
7f0537067000-7f0537345000 r--p 00000000 08:02 43122959                   /usr/lib/locale/locale-archive
7f0537345000-7f0537347000 r-xp 00000000 08:02 46008286                   /usr/lib/jvm/java-8-oracle/jre/lib/amd64/libnpt.so
7f0537347000-7f0537547000 ---p 00002000 08:02 46008286                   /usr/lib/jvm/java-8-oracle/jre/lib/amd64/libnpt.so
7f0537547000-7f0537548000 r--p 00002000 08:02 46008286                   /usr/lib/jvm/java-8-oracle/jre/lib/amd64/libnpt.so
7f0537548000-7f0537549000 rw-p 00003000 08:02 46008286                   /usr/lib/jvm/java-8-oracle/jre/lib/amd64/libnpt.so
7f0537549000-7f0537583000 r-xp 00000000 08:02 46008396                   /usr/lib/jvm/java-8-oracle/jre/lib/amd64/libjdwp.so
7f0537583000-7f0537782000 ---p 0003a000 08:02 46008396                   /usr/lib/jvm/java-8-oracle/jre/lib/amd64/libjdwp.so
7f0537782000-7f0537783000 r--p 00039000 08:02 46008396                   /usr/lib/jvm/java-8-oracle/jre/lib/amd64/libjdwp.so
7f0537783000-7f0537784000 rw-p 0003a000 08:02 46008396                   /usr/lib/jvm/java-8-oracle/jre/lib/amd64/libjdwp.so
7f0537784000-7f05377b0000 r-xp 00000000 08:02 46008409                   /usr/lib/jvm/java-8-oracle/jre/lib/amd64/libjava.so
7f05377b0000-7f05379b0000 ---p 0002c000 08:02 46008409                   /usr/lib/jvm/java-8-oracle/jre/lib/amd64/libjava.so
7f05379b0000-7f05379b1000 r--p 0002c000 08:02 46008409                   /usr/lib/jvm/java-8-oracle/jre/lib/amd64/libjava.so
7f05379b1000-7f05379b3000 rw-p 0002d000 08:02 46008409                   /usr/lib/jvm/java-8-oracle/jre/lib/amd64/libjava.so
7f05379b3000-7f05379c0000 r-xp 00000000 08:02 46008416                   /usr/lib/jvm/java-8-oracle/jre/lib/amd64/libverify.so
7f05379c0000-7f0537bbf000 ---p 0000d000 08:02 46008416                   /usr/lib/jvm/java-8-oracle/jre/lib/amd64/libverify.so
7f0537bbf000-7f0537bc1000 r--p 0000c000 08:02 46008416                   /usr/lib/jvm/java-8-oracle/jre/lib/amd64/libverify.so
7f0537bc1000-7f0537bc2000 rw-p 0000e000 08:02 46008416                   /usr/lib/jvm/java-8-oracle/jre/lib/amd64/libverify.so
7f0537bc2000-7f0537bc9000 r-xp 00000000 08:02 36704993                   /lib/x86_64-linux-gnu/librt-2.27.so
7f0537bc9000-7f0537dc8000 ---p 00007000 08:02 36704993                   /lib/x86_64-linux-gnu/librt-2.27.so
7f0537dc8000-7f0537dc9000 r--p 00006000 08:02 36704993                   /lib/x86_64-linux-gnu/librt-2.27.so
7f0537dc9000-7f0537dca000 rw-p 00007000 08:02 36704993                   /lib/x86_64-linux-gnu/librt-2.27.so
7f0537dca000-7f0537f67000 r-xp 00000000 08:02 36704652                   /lib/x86_64-linux-gnu/libm-2.27.so
7f0537f67000-7f0538166000 ---p 0019d000 08:02 36704652                   /lib/x86_64-linux-gnu/libm-2.27.so
7f0538166000-7f0538167000 r--p 0019c000 08:02 36704652                   /lib/x86_64-linux-gnu/libm-2.27.so
7f0538167000-7f0538168000 rw-p 0019d000 08:02 36704652                   /lib/x86_64-linux-gnu/libm-2.27.so
7f0538168000-7f0538e50000 r-xp 00000000 08:02 46008379                   /usr/lib/jvm/java-8-oracle/jre/lib/amd64/server/libjvm.so
7f0538e50000-7f053904f000 ---p 00ce8000 08:02 46008379                   /usr/lib/jvm/java-8-oracle/jre/lib/amd64/server/libjvm.so
7f053904f000-7f05390e5000 r--p 00ce7000 08:02 46008379                   /usr/lib/jvm/java-8-oracle/jre/lib/amd64/server/libjvm.so
7f05390e5000-7f0539116000 rw-p 00d7d000 08:02 46008379                   /usr/lib/jvm/java-8-oracle/jre/lib/amd64/server/libjvm.so
7f0539116000-7f0539151000 rw-p 00000000 00:00 0 
7f0539151000-7f0539338000 r-xp 00000000 08:02 36704608                   /lib/x86_64-linux-gnu/libc-2.27.so
7f0539338000-7f0539538000 ---p 001e7000 08:02 36704608                   /lib/x86_64-linux-gnu/libc-2.27.so
7f0539538000-7f053953c000 r--p 001e7000 08:02 36704608                   /lib/x86_64-linux-gnu/libc-2.27.so
7f053953c000-7f053953e000 rw-p 001eb000 08:02 36704608                   /lib/x86_64-linux-gnu/libc-2.27.so
7f053953e000-7f0539542000 rw-p 00000000 00:00 0 
7f0539542000-7f0539545000 r-xp 00000000 08:02 36704646                   /lib/x86_64-linux-gnu/libdl-2.27.so
7f0539545000-7f0539744000 ---p 00003000 08:02 36704646                   /lib/x86_64-linux-gnu/libdl-2.27.so
7f0539744000-7f0539745000 r--p 00002000 08:02 36704646                   /lib/x86_64-linux-gnu/libdl-2.27.so
7f0539745000-7f0539746000 rw-p 00003000 08:02 36704646                   /lib/x86_64-linux-gnu/libdl-2.27.so
7f0539746000-7f053975d000 r-xp 00000000 08:02 46007742                   /usr/lib/jvm/java-8-oracle/lib/amd64/jli/libjli.so
7f053975d000-7f053995c000 ---p 00017000 08:02 46007742                   /usr/lib/jvm/java-8-oracle/lib/amd64/jli/libjli.so
7f053995c000-7f053995d000 r--p 00016000 08:02 46007742                   /usr/lib/jvm/java-8-oracle/lib/amd64/jli/libjli.so
7f053995d000-7f053995e000 rw-p 00017000 08:02 46007742                   /usr/lib/jvm/java-8-oracle/lib/amd64/jli/libjli.so
7f053995e000-7f0539978000 r-xp 00000000 08:02 36704991                   /lib/x86_64-linux-gnu/libpthread-2.27.so
7f0539978000-7f0539b77000 ---p 0001a000 08:02 36704991                   /lib/x86_64-linux-gnu/libpthread-2.27.so
7f0539b77000-7f0539b78000 r--p 00019000 08:02 36704991                   /lib/x86_64-linux-gnu/libpthread-2.27.so
7f0539b78000-7f0539b79000 rw-p 0001a000 08:02 36704991                   /lib/x86_64-linux-gnu/libpthread-2.27.so
7f0539b79000-7f0539b7d000 rw-p 00000000 00:00 0 
7f0539b7d000-7f0539ba4000 r-xp 00000000 08:02 36700648                   /lib/x86_64-linux-gnu/ld-2.27.so
7f0539ba4000-7f0539ba6000 r--s 0001a000 08:02 43650134                   /usr/local/bin/idea-IU-183.5153.38/lib/idea_rt.jar
7f0539ba6000-7f0539baa000 r--s 000a1000 08:02 46007934                   /usr/lib/jvm/java-8-oracle/jre/lib/jsse.jar
7f0539baa000-7f0539bac000 r--s 00007000 08:02 46008439                   /usr/lib/jvm/java-8-oracle/jre/lib/jfxswt.jar
7f0539bac000-7f0539c7d000 rw-p 00000000 00:00 0 
7f0539c7d000-7f0539c7e000 ---p 00000000 00:00 0 
7f0539c7e000-7f0539c81000 ---p 00000000 00:00 0 
7f0539c81000-7f0539d82000 rw-p 00000000 00:00 0 
7f0539d82000-7f0539d83000 r--s 00000000 08:02 46007801                   /usr/lib/jvm/java-8-oracle/jre/lib/management-agent.jar
7f0539d83000-7f0539d88000 r--s 00084000 08:02 46007794                   /usr/lib/jvm/java-8-oracle/jre/lib/jfr.jar
7f0539d88000-7f0539d8b000 r--s 0001a000 08:02 46008437                   /usr/lib/jvm/java-8-oracle/jre/lib/jce.jar
7f0539d8b000-7f0539d95000 r--s 0006e000 08:02 46007804                   /usr/lib/jvm/java-8-oracle/jre/lib/javaws.jar
7f0539d95000-7f0539d9a000 r--s 002f9000 08:02 46007875                   /usr/lib/jvm/java-8-oracle/jre/lib/charsets.jar
7f0539d9a000-7f0539da2000 rw-s 00000000 08:02 42991771                   /tmp/hsperfdata_bq666/4959
7f0539da2000-7f0539da3000 rw-p 00000000 00:00 0 
7f0539da3000-7f0539da4000 r--p 00000000 00:00 0 
7f0539da4000-7f0539da5000 r--p 00027000 08:02 36700648                   /lib/x86_64-linux-gnu/ld-2.27.so
7f0539da5000-7f0539da6000 rw-p 00028000 08:02 36700648                   /lib/x86_64-linux-gnu/ld-2.27.so
7f0539da6000-7f0539da7000 rw-p 00000000 00:00 0 
7ffcda8a5000-7ffcda8c6000 rw-p 00000000 00:00 0                          [stack]
7ffcda9e7000-7ffcda9ea000 r--p 00000000 00:00 0                          [vvar]
7ffcda9ea000-7ffcda9ec000 r-xp 00000000 00:00 0                          [vdso]
ffffffffff600000-ffffffffff601000 r-xp 00000000 00:00 0                  [vsyscall]

VM Arguments:
jvm_args: -agentlib:jdwp=transport=dt_socket,address=127.0.0.1:40105,suspend=y,server=n -javaagent:/usr/local/bin/idea-IU-183.5153.38/lib/rt/debugger-agent.jar -Dfile.encoding=UTF-8 
java_command: Main
java_class_path (initial): /usr/lib/jvm/java-8-oracle/jre/lib/charsets.jar:/usr/lib/jvm/java-8-oracle/jre/lib/deploy.jar:/usr/lib/jvm/java-8-oracle/jre/lib/ext/cldrdata.jar:/usr/lib/jvm/java-8-oracle/jre/lib/ext/dnsns.jar:/usr/lib/jvm/java-8-oracle/jre/lib/ext/jaccess.jar:/usr/lib/jvm/java-8-oracle/jre/lib/ext/jfxrt.jar:/usr/lib/jvm/java-8-oracle/jre/lib/ext/localedata.jar:/usr/lib/jvm/java-8-oracle/jre/lib/ext/nashorn.jar:/usr/lib/jvm/java-8-oracle/jre/lib/ext/sunec.jar:/usr/lib/jvm/java-8-oracle/jre/lib/ext/sunjce_provider.jar:/usr/lib/jvm/java-8-oracle/jre/lib/ext/sunpkcs11.jar:/usr/lib/jvm/java-8-oracle/jre/lib/ext/zipfs.jar:/usr/lib/jvm/java-8-oracle/jre/lib/javaws.jar:/usr/lib/jvm/java-8-oracle/jre/lib/jce.jar:/usr/lib/jvm/java-8-oracle/jre/lib/jfr.jar:/usr/lib/jvm/java-8-oracle/jre/lib/jfxswt.jar:/usr/lib/jvm/java-8-oracle/jre/lib/jsse.jar:/usr/lib/jvm/java-8-oracle/jre/lib/management-agent.jar:/usr/lib/jvm/java-8-oracle/jre/lib/plugin.jar:/usr/lib/jvm/java-8-oracle/jre/lib/resources.jar:/usr/lib/jvm/java-8-oracle/jre/lib/rt.jar:/home/bq666/Workspace/CardBattle/target/classes:/home/bq666/.m2/repository/org/xerial/sqlite-jdbc/3.25.2/sqlite-jdbc-3.25.2.jar:/usr/local/bin/idea-IU-183.5153.38/lib/idea_rt.jar:/usr/local/bin/idea-IU-183.5153.38/lib/rt/debugger-agent.jar
Launcher Type: SUN_STANDARD

Environment Variables:
JAVA_HOME=/usr/lib/jvm/java-8-oracle
PATH=/home/bq666/.local/bin:/usr/local/sbin:/usr/local/bin:/usr/sbin:/usr/bin:/sbin:/bin:/usr/games:/usr/local/games:/snap/bin:/usr/lib/jvm/java-8-oracle/bin:/usr/lib/jvm/java-8-oracle/db/bin:/usr/lib/jvm/java-8-oracle/jre/bin
USERNAME=bq666
SHELL=/bin/bash
DISPLAY=:0

Signal Handlers:
SIGSEGV: [libjvm.so+0xad3e60], sa_mask[0]=11111111011111111101111111111110, sa_flags=SA_RESTART|SA_SIGINFO
SIGBUS: [libjvm.so+0xad3e60], sa_mask[0]=11111111011111111101111111111110, sa_flags=SA_RESTART|SA_SIGINFO
SIGFPE: [libjvm.so+0x90b880], sa_mask[0]=11111111011111111101111111111110, sa_flags=SA_RESTART|SA_SIGINFO
SIGPIPE: [libjvm.so+0x90b880], sa_mask[0]=11111111011111111101111111111110, sa_flags=SA_RESTART|SA_SIGINFO
SIGXFSZ: [libjvm.so+0x90b880], sa_mask[0]=11111111011111111101111111111110, sa_flags=SA_RESTART|SA_SIGINFO
SIGILL: [libjvm.so+0x90b880], sa_mask[0]=11111111011111111101111111111110, sa_flags=SA_RESTART|SA_SIGINFO
SIGUSR1: SIG_DFL, sa_mask[0]=00000000000000000000000000000000, sa_flags=none
SIGUSR2: [libjvm.so+0x90b750], sa_mask[0]=00100000000000000000000000000000, sa_flags=SA_RESTART|SA_SIGINFO
SIGHUP: [libjvm.so+0x90bd70], sa_mask[0]=11111111011111111101111111111110, sa_flags=SA_RESTART|SA_SIGINFO
SIGINT: [libjvm.so+0x90bd70], sa_mask[0]=11111111011111111101111111111110, sa_flags=SA_RESTART|SA_SIGINFO
SIGTERM: [libjvm.so+0x90bd70], sa_mask[0]=11111111011111111101111111111110, sa_flags=SA_RESTART|SA_SIGINFO
SIGQUIT: [libjvm.so+0x90bd70], sa_mask[0]=11111111011111111101111111111110, sa_flags=SA_RESTART|SA_SIGINFO


---------------  S Y S T E M  ---------------

OS:DISTRIB_ID=Ubuntu
DISTRIB_RELEASE=18.04
DISTRIB_CODENAME=bionic
DISTRIB_DESCRIPTION="Ubuntu 18.04.1 LTS"

uname:Linux 4.15.0-43-generic #46-Ubuntu SMP Thu Dec 6 14:45:28 UTC 2018 x86_64
libc:glibc 2.27 NPTL 2.27 
rlimit: STACK 8192k, CORE 0k, NPROC 31063, NOFILE 1048576, AS infinity
load average:2.00 1.50 1.13

/proc/meminfo:
MemTotal:        8077676 kB
MemFree:         1176372 kB
MemAvailable:    3188556 kB
Buffers:          140080 kB
Cached:          2394900 kB
SwapCached:            0 kB
Active:          5044608 kB
Inactive:        1484572 kB
Active(anon):    3996028 kB
Inactive(anon):   350900 kB
Active(file):    1048580 kB
Inactive(file):  1133672 kB
Unevictable:         400 kB
Mlocked:             400 kB
SwapTotal:       2097148 kB
SwapFree:        2097148 kB
Dirty:              6116 kB
Writeback:             0 kB
AnonPages:       3994588 kB
Mapped:           538636 kB
Shmem:            352732 kB
Slab:             173036 kB
SReclaimable:     106468 kB
SUnreclaim:        66568 kB
KernelStack:       17824 kB
PageTables:        81860 kB
NFS_Unstable:          0 kB
Bounce:                0 kB
WritebackTmp:          0 kB
CommitLimit:     6135984 kB
Committed_AS:   13463312 kB
VmallocTotal:   34359738367 kB
VmallocUsed:           0 kB
VmallocChunk:          0 kB
HardwareCorrupted:     0 kB
AnonHugePages:         0 kB
ShmemHugePages:        0 kB
ShmemPmdMapped:        0 kB
CmaTotal:              0 kB
CmaFree:               0 kB
HugePages_Total:       0
HugePages_Free:        0
HugePages_Rsvd:        0
HugePages_Surp:        0
Hugepagesize:       2048 kB
DirectMap4k:      289536 kB
DirectMap2M:     8009728 kB
DirectMap1G:     1048576 kB

container (cgroup) information:
container_type: cgroupv1
cpu_cpuset_cpus: 0-3
cpu_memory_nodes: 0
active_processor_count: 4
cpu_quota: -1
cpu_period: 100000
cpu_shares: -1
memory_limit_in_bytes: -1
memory_and_swap_limit_in_bytes: -2
memory_soft_limit_in_bytes: -1
memory_usage_in_bytes: 6686605312
memory_max_usage_in_bytes: 0


CPU:total 4 (initial active 4) (2 cores per cpu, 2 threads per core) family 6 model 60 stepping 3, cmov, cx8, fxsr, mmx, sse, sse2, sse3, ssse3, sse4.1, sse4.2, popcnt, avx, avx2, aes, clmul, erms, lzcnt, ht, tsc, tscinvbit, bmi1, bmi2

/proc/cpuinfo:
processor	: 0
vendor_id	: GenuineIntel
cpu family	: 6
model		: 60
model name	: Intel(R) Core(TM) i5-4200M CPU @ 2.50GHz
stepping	: 3
microcode	: 0x25
cpu MHz		: 2992.847
cache size	: 3072 KB
physical id	: 0
siblings	: 4
core id		: 0
cpu cores	: 2
apicid		: 0
initial apicid	: 0
fpu		: yes
fpu_exception	: yes
cpuid level	: 13
wp		: yes
flags		: fpu vme de pse tsc msr pae mce cx8 apic sep mtrr pge mca cmov pat pse36 clflush dts acpi mmx fxsr sse sse2 ss ht tm pbe syscall nx pdpe1gb rdtscp lm constant_tsc arch_perfmon pebs bts rep_good nopl xtopology nonstop_tsc cpuid aperfmperf pni pclmulqdq dtes64 monitor ds_cpl vmx est tm2 ssse3 sdbg fma cx16 xtpr pdcm pcid sse4_1 sse4_2 movbe popcnt tsc_deadline_timer aes xsave avx f16c rdrand lahf_lm abm cpuid_fault epb invpcid_single pti ssbd ibrs ibpb stibp tpr_shadow vnmi flexpriority ept vpid fsgsbase tsc_adjust bmi1 avx2 smep bmi2 erms invpcid xsaveopt dtherm ida arat pln pts flush_l1d
bugs		: cpu_meltdown spectre_v1 spectre_v2 spec_store_bypass l1tf
bogomips	: 4988.07
clflush size	: 64
cache_alignment	: 64
address sizes	: 39 bits physical, 48 bits virtual
power management:

processor	: 1
vendor_id	: GenuineIntel
cpu family	: 6
model		: 60
model name	: Intel(R) Core(TM) i5-4200M CPU @ 2.50GHz
stepping	: 3
microcode	: 0x25
cpu MHz		: 2992.846
cache size	: 3072 KB
physical id	: 0
siblings	: 4
core id		: 0
cpu cores	: 2
apicid		: 1
initial apicid	: 1
fpu		: yes
fpu_exception	: yes
cpuid level	: 13
wp		: yes
flags		: fpu vme de pse tsc msr pae mce cx8 apic sep mtrr pge mca cmov pat pse36 clflush dts acpi mmx fxsr sse sse2 ss ht tm pbe syscall nx pdpe1gb rdtscp lm constant_tsc arch_perfmon pebs bts rep_good nopl xtopology nonstop_tsc cpuid aperfmperf pni pclmulqdq dtes64 monitor ds_cpl vmx est tm2 ssse3 sdbg fma cx16 xtpr pdcm pcid sse4_1 sse4_2 movbe popcnt tsc_deadline_timer aes xsave avx f16c rdrand lahf_lm abm cpuid_fault epb invpcid_single pti ssbd ibrs ibpb stibp tpr_shadow vnmi flexpriority ept vpid fsgsbase tsc_adjust bmi1 avx2 smep bmi2 erms invpcid xsaveopt dtherm ida arat pln pts flush_l1d
bugs		: cpu_meltdown spectre_v1 spectre_v2 spec_store_bypass l1tf
bogomips	: 4988.07
clflush size	: 64
cache_alignment	: 64
address sizes	: 39 bits physical, 48 bits virtual
power management:

processor	: 2
vendor_id	: GenuineIntel
cpu family	: 6
model		: 60
model name	: Intel(R) Core(TM) i5-4200M CPU @ 2.50GHz
stepping	: 3
microcode	: 0x25
cpu MHz		: 2992.846
cache size	: 3072 KB
physical id	: 0
siblings	: 4
core id		: 1
cpu cores	: 2
apicid		: 2
initial apicid	: 2
fpu		: yes
fpu_exception	: yes
cpuid level	: 13
wp		: yes
flags		: fpu vme de pse tsc msr pae mce cx8 apic sep mtrr pge mca cmov pat pse36 clflush dts acpi mmx fxsr sse sse2 ss ht tm pbe syscall nx pdpe1gb rdtscp lm constant_tsc arch_perfmon pebs bts rep_good nopl xtopology nonstop_tsc cpuid aperfmperf pni pclmulqdq dtes64 monitor ds_cpl vmx est tm2 ssse3 sdbg fma cx16 xtpr pdcm pcid sse4_1 sse4_2 movbe popcnt tsc_deadline_timer aes xsave avx f16c rdrand lahf_lm abm cpuid_fault epb invpcid_single pti ssbd ibrs ibpb stibp tpr_shadow vnmi flexpriority ept vpid fsgsbase tsc_adjust bmi1 avx2 smep bmi2 erms invpcid xsaveopt dtherm ida arat pln pts flush_l1d
bugs		: cpu_meltdown spectre_v1 spectre_v2 spec_store_bypass l1tf
bogomips	: 4988.07
clflush size	: 64
cache_alignment	: 64
address sizes	: 39 bits physical, 48 bits virtual
power management:

processor	: 3
vendor_id	: GenuineIntel
cpu family	: 6
model		: 60
model name	: Intel(R) Core(TM) i5-4200M CPU @ 2.50GHz
stepping	: 3
microcode	: 0x25
cpu MHz		: 2992.845
cache size	: 3072 KB
physical id	: 0
siblings	: 4
core id		: 1
cpu cores	: 2
apicid		: 3
initial apicid	: 3
fpu		: yes
fpu_exception	: yes
cpuid level	: 13
wp		: yes
flags		: fpu vme de pse tsc msr pae mce cx8 apic sep mtrr pge mca cmov pat pse36 clflush dts acpi mmx fxsr sse sse2 ss ht tm pbe syscall nx pdpe1gb rdtscp lm constant_tsc arch_perfmon pebs bts rep_good nopl xtopology nonstop_tsc cpuid aperfmperf pni pclmulqdq dtes64 monitor ds_cpl vmx est tm2 ssse3 sdbg fma cx16 xtpr pdcm pcid sse4_1 sse4_2 movbe popcnt tsc_deadline_timer aes xsave avx f16c rdrand lahf_lm abm cpuid_fault epb invpcid_single pti ssbd ibrs ibpb stibp tpr_shadow vnmi flexpriority ept vpid fsgsbase tsc_adjust bmi1 avx2 smep bmi2 erms invpcid xsaveopt dtherm ida arat pln pts flush_l1d
bugs		: cpu_meltdown spectre_v1 spectre_v2 spec_store_bypass l1tf
bogomips	: 4988.07
clflush size	: 64
cache_alignment	: 64
address sizes	: 39 bits physical, 48 bits virtual
power management:



Memory: 4k page, physical 8077676k(1176124k free), swap 2097148k(2097148k free)

vm_info: Java HotSpot(TM) 64-Bit Server VM (25.201-b09) for linux-amd64 JRE (1.8.0_201-b09), built on Dec 15 2018 11:35:59 by "java_re" with gcc 7.3.0

time: Thu Jan 24 10:33:26 2019
timezone: CET
elapsed time: 0 seconds (0d 0h 0m 0s)

